{
"/Users/saptarshichatterjee/Desktop/yoSapy/app/index.js":{"path":"/Users/saptarshichatterjee/Desktop/yoSapy/app/index.js","s":{"1":1,"2":1,"3":0,"4":0,"5":0,"6":0,"7":0,"8":0,"9":0,"10":0,"11":0,"12":0,"13":0,"14":0,"15":0,"16":0,"17":0,"18":0},"b":{"1":[0,0],"2":[0,0]},"f":{"1":0,"2":0,"3":0},"fnMap":{"1":{"name":"(anonymous_1)","line":8,"loc":{"start":{"line":8,"column":15},"end":{"line":8,"column":26}}},"2":{"name":"(anonymous_2)","line":14,"loc":{"start":{"line":14,"column":11},"end":{"line":14,"column":29}}},"3":{"name":"(anonymous_3)","line":19,"loc":{"start":{"line":19,"column":13},"end":{"line":19,"column":24}}}},"statementMap":{"1":{"start":{"line":1,"column":0},"end":{"line":5,"column":18}},"2":{"start":{"line":7,"column":0},"end":{"line":44,"column":3}},"3":{"start":{"line":9,"column":8},"end":{"line":9,"column":32}},"4":{"start":{"line":10,"column":8},"end":{"line":17,"column":22}},"5":{"start":{"line":15,"column":12},"end":{"line":15,"column":53}},"6":{"start":{"line":16,"column":12},"end":{"line":16,"column":19}},"7":{"start":{"line":20,"column":8},"end":{"line":20,"column":59}},"8":{"start":{"line":21,"column":8},"end":{"line":21,"column":41}},"9":{"start":{"line":22,"column":8},"end":{"line":22,"column":26}},"10":{"start":{"line":23,"column":8},"end":{"line":27,"column":9}},"11":{"start":{"line":24,"column":12},"end":{"line":24,"column":41}},"12":{"start":{"line":25,"column":15},"end":{"line":27,"column":9}},"13":{"start":{"line":26,"column":12},"end":{"line":26,"column":40}},"14":{"start":{"line":28,"column":8},"end":{"line":28,"column":75}},"15":{"start":{"line":29,"column":8},"end":{"line":29,"column":56}},"16":{"start":{"line":30,"column":8},"end":{"line":30,"column":40}},"17":{"start":{"line":31,"column":8},"end":{"line":31,"column":59}},"18":{"start":{"line":33,"column":8},"end":{"line":42,"column":10}}},"branchMap":{"1":{"line":23,"type":"if","locations":[{"start":{"line":23,"column":8},"end":{"line":23,"column":8}},{"start":{"line":23,"column":8},"end":{"line":23,"column":8}}]},"2":{"line":25,"type":"if","locations":[{"start":{"line":25,"column":15},"end":{"line":25,"column":15}},{"start":{"line":25,"column":15},"end":{"line":25,"column":15}}]}},"l":{"1":1,"7":1,"9":0,"10":0,"15":0,"16":0,"20":0,"21":0,"22":0,"23":0,"24":0,"25":0,"26":0,"28":0,"29":0,"30":0,"31":0,"33":0}},
"/Users/saptarshichatterjee/Desktop/yoSapy/app/parseEngine.js":{"path":"/Users/saptarshichatterjee/Desktop/yoSapy/app/parseEngine.js","s":{"1":1,"2":1,"3":1,"4":1,"5":0,"6":1,"7":1,"8":1,"9":0,"10":0,"11":1,"12":2,"13":2,"14":1,"15":2,"16":2,"17":0,"18":0,"19":0,"20":0,"21":2,"22":1,"23":0,"24":0,"25":0,"26":0,"27":0,"28":0},"b":{"1":[1,1],"2":[0,0]},"f":{"1":1,"2":0,"3":2,"4":0},"fnMap":{"1":{"name":"(anonymous_1)","line":1,"loc":{"start":{"line":1,"column":33},"end":{"line":1,"column":48}}},"2":{"name":"(anonymous_2)","line":12,"loc":{"start":{"line":12,"column":34},"end":{"line":12,"column":64}}},"3":{"name":"(anonymous_3)","line":23,"loc":{"start":{"line":23,"column":35},"end":{"line":23,"column":71}}},"4":{"name":"(anonymous_4)","line":46,"loc":{"start":{"line":46,"column":42},"end":{"line":46,"column":90}}}},"statementMap":{"1":{"start":{"line":1,"column":0},"end":{"line":10,"column":2}},"2":{"start":{"line":2,"column":4},"end":{"line":2,"column":17}},"3":{"start":{"line":3,"column":4},"end":{"line":8,"column":5}},"4":{"start":{"line":4,"column":8},"end":{"line":4,"column":81}},"5":{"start":{"line":5,"column":8},"end":{"line":5,"column":32}},"6":{"start":{"line":7,"column":8},"end":{"line":7,"column":34}},"7":{"start":{"line":9,"column":4},"end":{"line":9,"column":20}},"8":{"start":{"line":12,"column":0},"end":{"line":21,"column":2}},"9":{"start":{"line":14,"column":4},"end":{"line":14,"column":49}},"10":{"start":{"line":16,"column":4},"end":{"line":20,"column":33}},"11":{"start":{"line":23,"column":0},"end":{"line":44,"column":2}},"12":{"start":{"line":24,"column":4},"end":{"line":27,"column":14}},"13":{"start":{"line":29,"column":4},"end":{"line":31,"column":5}},"14":{"start":{"line":30,"column":8},"end":{"line":30,"column":56}},"15":{"start":{"line":32,"column":4},"end":{"line":42,"column":5}},"16":{"start":{"line":33,"column":8},"end":{"line":35,"column":9}},"17":{"start":{"line":34,"column":12},"end":{"line":34,"column":39}},"18":{"start":{"line":37,"column":8},"end":{"line":41,"column":9}},"19":{"start":{"line":38,"column":12},"end":{"line":38,"column":59}},"20":{"start":{"line":40,"column":12},"end":{"line":40,"column":95}},"21":{"start":{"line":43,"column":4},"end":{"line":43,"column":19}},"22":{"start":{"line":46,"column":0},"end":{"line":56,"column":2}},"23":{"start":{"line":48,"column":4},"end":{"line":48,"column":136}},"24":{"start":{"line":49,"column":4},"end":{"line":49,"column":22}},"25":{"start":{"line":50,"column":4},"end":{"line":54,"column":5}},"26":{"start":{"line":51,"column":8},"end":{"line":51,"column":50}},"27":{"start":{"line":53,"column":8},"end":{"line":53,"column":48}},"28":{"start":{"line":55,"column":4},"end":{"line":55,"column":25}}},"branchMap":{"1":{"line":29,"type":"if","locations":[{"start":{"line":29,"column":4},"end":{"line":29,"column":4}},{"start":{"line":29,"column":4},"end":{"line":29,"column":4}}]},"2":{"line":37,"type":"if","locations":[{"start":{"line":37,"column":8},"end":{"line":37,"column":8}},{"start":{"line":37,"column":8},"end":{"line":37,"column":8}}]}},"l":{"1":1,"2":1,"3":1,"4":1,"5":0,"7":1,"9":1,"12":1,"14":0,"16":0,"23":1,"24":2,"29":2,"30":1,"32":2,"33":2,"34":0,"37":0,"38":0,"40":0,"43":2,"46":1,"48":0,"49":0,"50":0,"51":0,"53":0,"55":0}}}
