{
"/Users/saptarshichatterjee/Desktop/yoSapy/app/index.js":{"path":"/Users/saptarshichatterjee/Desktop/yoSapy/app/index.js","s":{"1":0,"2":0,"3":0,"4":0,"5":0,"6":0,"7":0,"8":0,"9":0,"10":0,"11":0,"12":0,"13":0,"14":0,"15":0,"16":0,"17":0,"18":0,"19":0,"20":0,"21":0,"22":0,"23":0,"24":0,"25":0,"26":0,"27":0,"28":0,"29":0,"30":0,"31":0,"32":0,"33":0,"34":0,"35":0,"36":0,"37":0,"38":0,"39":0,"40":0,"41":0,"42":0,"43":0,"44":0,"45":0,"46":0,"47":0},"b":{"1":[0,0],"2":[0,0],"3":[0,0],"4":[0,0]},"f":{"1":0,"2":0,"3":0,"4":0,"5":0,"6":0,"7":0},"fnMap":{"1":{"name":"(anonymous_1)","line":6,"loc":{"start":{"line":6,"column":23},"end":{"line":6,"column":38}}},"2":{"name":"(anonymous_2)","line":17,"loc":{"start":{"line":17,"column":22},"end":{"line":17,"column":37}}},"3":{"name":"(anonymous_3)","line":28,"loc":{"start":{"line":28,"column":31},"end":{"line":28,"column":79}}},"4":{"name":"(anonymous_4)","line":40,"loc":{"start":{"line":40,"column":24},"end":{"line":40,"column":60}}},"5":{"name":"(anonymous_5)","line":65,"loc":{"start":{"line":65,"column":15},"end":{"line":65,"column":26}}},"6":{"name":"(anonymous_6)","line":71,"loc":{"start":{"line":71,"column":11},"end":{"line":71,"column":29}}},"7":{"name":"(anonymous_7)","line":76,"loc":{"start":{"line":76,"column":13},"end":{"line":76,"column":24}}}},"statementMap":{"1":{"start":{"line":1,"column":0},"end":{"line":4,"column":18}},"2":{"start":{"line":6,"column":0},"end":{"line":15,"column":2}},"3":{"start":{"line":8,"column":4},"end":{"line":8,"column":49}},"4":{"start":{"line":10,"column":4},"end":{"line":14,"column":33}},"5":{"start":{"line":17,"column":0},"end":{"line":26,"column":2}},"6":{"start":{"line":18,"column":4},"end":{"line":18,"column":17}},"7":{"start":{"line":19,"column":4},"end":{"line":24,"column":5}},"8":{"start":{"line":20,"column":8},"end":{"line":20,"column":81}},"9":{"start":{"line":21,"column":8},"end":{"line":21,"column":32}},"10":{"start":{"line":23,"column":8},"end":{"line":23,"column":33}},"11":{"start":{"line":25,"column":4},"end":{"line":25,"column":20}},"12":{"start":{"line":28,"column":0},"end":{"line":38,"column":2}},"13":{"start":{"line":30,"column":4},"end":{"line":30,"column":136}},"14":{"start":{"line":31,"column":4},"end":{"line":31,"column":22}},"15":{"start":{"line":32,"column":4},"end":{"line":36,"column":5}},"16":{"start":{"line":33,"column":8},"end":{"line":33,"column":50}},"17":{"start":{"line":35,"column":8},"end":{"line":35,"column":47}},"18":{"start":{"line":37,"column":4},"end":{"line":37,"column":25}},"19":{"start":{"line":40,"column":0},"end":{"line":62,"column":2}},"20":{"start":{"line":41,"column":4},"end":{"line":41,"column":24}},"21":{"start":{"line":42,"column":4},"end":{"line":45,"column":14}},"22":{"start":{"line":47,"column":4},"end":{"line":49,"column":5}},"23":{"start":{"line":48,"column":8},"end":{"line":48,"column":56}},"24":{"start":{"line":50,"column":4},"end":{"line":60,"column":5}},"25":{"start":{"line":51,"column":8},"end":{"line":53,"column":9}},"26":{"start":{"line":52,"column":12},"end":{"line":52,"column":39}},"27":{"start":{"line":55,"column":8},"end":{"line":59,"column":9}},"28":{"start":{"line":56,"column":12},"end":{"line":56,"column":59}},"29":{"start":{"line":58,"column":12},"end":{"line":58,"column":95}},"30":{"start":{"line":61,"column":4},"end":{"line":61,"column":19}},"31":{"start":{"line":64,"column":0},"end":{"line":101,"column":3}},"32":{"start":{"line":66,"column":8},"end":{"line":66,"column":32}},"33":{"start":{"line":67,"column":8},"end":{"line":74,"column":22}},"34":{"start":{"line":72,"column":12},"end":{"line":72,"column":53}},"35":{"start":{"line":73,"column":12},"end":{"line":73,"column":19}},"36":{"start":{"line":77,"column":8},"end":{"line":77,"column":59}},"37":{"start":{"line":78,"column":8},"end":{"line":78,"column":41}},"38":{"start":{"line":79,"column":8},"end":{"line":79,"column":26}},"39":{"start":{"line":80,"column":8},"end":{"line":84,"column":9}},"40":{"start":{"line":81,"column":12},"end":{"line":81,"column":41}},"41":{"start":{"line":82,"column":15},"end":{"line":84,"column":9}},"42":{"start":{"line":83,"column":12},"end":{"line":83,"column":40}},"43":{"start":{"line":85,"column":8},"end":{"line":85,"column":48}},"44":{"start":{"line":86,"column":8},"end":{"line":86,"column":56}},"45":{"start":{"line":87,"column":8},"end":{"line":87,"column":40}},"46":{"start":{"line":88,"column":8},"end":{"line":88,"column":47}},"47":{"start":{"line":90,"column":8},"end":{"line":99,"column":10}}},"branchMap":{"1":{"line":47,"type":"if","locations":[{"start":{"line":47,"column":4},"end":{"line":47,"column":4}},{"start":{"line":47,"column":4},"end":{"line":47,"column":4}}]},"2":{"line":55,"type":"if","locations":[{"start":{"line":55,"column":8},"end":{"line":55,"column":8}},{"start":{"line":55,"column":8},"end":{"line":55,"column":8}}]},"3":{"line":80,"type":"if","locations":[{"start":{"line":80,"column":8},"end":{"line":80,"column":8}},{"start":{"line":80,"column":8},"end":{"line":80,"column":8}}]},"4":{"line":82,"type":"if","locations":[{"start":{"line":82,"column":15},"end":{"line":82,"column":15}},{"start":{"line":82,"column":15},"end":{"line":82,"column":15}}]}},"l":{"1":0,"6":0,"8":0,"10":0,"17":0,"18":0,"19":0,"20":0,"21":0,"23":0,"25":0,"28":0,"30":0,"31":0,"32":0,"33":0,"35":0,"37":0,"40":0,"41":0,"42":0,"47":0,"48":0,"50":0,"51":0,"52":0,"55":0,"56":0,"58":0,"61":0,"64":0,"66":0,"67":0,"72":0,"73":0,"77":0,"78":0,"79":0,"80":0,"81":0,"82":0,"83":0,"85":0,"86":0,"87":0,"88":0,"90":0}}}
