TN:
SF:/Users/saptarshichatterjee/Desktop/yoSapy/app/index.js
FN:8,(anonymous_1)
FN:14,(anonymous_2)
FN:19,(anonymous_3)
FNF:3
FNH:0
FNDA:0,(anonymous_1)
FNDA:0,(anonymous_2)
FNDA:0,(anonymous_3)
DA:1,1
DA:7,1
DA:9,0
DA:10,0
DA:15,0
DA:16,0
DA:20,0
DA:21,0
DA:22,0
DA:23,0
DA:24,0
DA:25,0
DA:26,0
DA:28,0
DA:29,0
DA:30,0
DA:31,0
DA:33,0
LF:18
LH:2
BRDA:23,1,0,0
BRDA:23,1,1,0
BRDA:25,2,0,0
BRDA:25,2,1,0
BRF:4
BRH:0
end_of_record
TN:
SF:/Users/saptarshichatterjee/Desktop/yoSapy/app/parseEngine.js
FN:1,(anonymous_1)
FN:12,(anonymous_2)
FN:23,(anonymous_3)
FN:46,(anonymous_4)
FNF:4
FNH:2
FNDA:1,(anonymous_1)
FNDA:0,(anonymous_2)
FNDA:2,(anonymous_3)
FNDA:0,(anonymous_4)
DA:1,1
DA:2,1
DA:3,1
DA:4,1
DA:5,0
DA:7,1
DA:9,1
DA:12,1
DA:14,0
DA:16,0
DA:23,1
DA:24,2
DA:29,2
DA:30,1
DA:32,2
DA:33,2
DA:34,0
DA:37,0
DA:38,0
DA:40,0
DA:43,2
DA:46,1
DA:48,0
DA:49,0
DA:50,0
DA:51,0
DA:53,0
DA:55,0
LF:28
LH:15
BRDA:29,1,0,1
BRDA:29,1,1,1
BRDA:37,2,0,0
BRDA:37,2,1,0
BRF:4
BRH:2
end_of_record
