TN:
SF:/Users/saptarshichatterjee/Desktop/yoSapy/app/index.js
FN:6,(anonymous_1)
FN:17,(anonymous_2)
FN:28,(anonymous_3)
FN:40,(anonymous_4)
FN:65,(anonymous_5)
FN:71,(anonymous_6)
FN:76,(anonymous_7)
FNF:7
FNH:0
FNDA:0,(anonymous_1)
FNDA:0,(anonymous_2)
FNDA:0,(anonymous_3)
FNDA:0,(anonymous_4)
FNDA:0,(anonymous_5)
FNDA:0,(anonymous_6)
FNDA:0,(anonymous_7)
DA:1,0
DA:6,0
DA:8,0
DA:10,0
DA:17,0
DA:18,0
DA:19,0
DA:20,0
DA:21,0
DA:23,0
DA:25,0
DA:28,0
DA:30,0
DA:31,0
DA:32,0
DA:33,0
DA:35,0
DA:37,0
DA:40,0
DA:41,0
DA:42,0
DA:47,0
DA:48,0
DA:50,0
DA:51,0
DA:52,0
DA:55,0
DA:56,0
DA:58,0
DA:61,0
DA:64,0
DA:66,0
DA:67,0
DA:72,0
DA:73,0
DA:77,0
DA:78,0
DA:79,0
DA:80,0
DA:81,0
DA:82,0
DA:83,0
DA:85,0
DA:86,0
DA:87,0
DA:88,0
DA:90,0
LF:47
LH:0
BRDA:47,1,0,0
BRDA:47,1,1,0
BRDA:55,2,0,0
BRDA:55,2,1,0
BRDA:80,3,0,0
BRDA:80,3,1,0
BRDA:82,4,0,0
BRDA:82,4,1,0
BRF:8
BRH:0
end_of_record
